# JRE version: 7.0_15-b20
# Java VM: OpenJDK Server VM (23.7-b01 mixed mode linux-x86 )
Heap
 PSYoungGen      total 18496K, used 5996K [0x9e7a0000, 0xa0940000, 0xb3240000)
  eden space 15872K, 21% used [0x9e7a0000,0x9eaee8f8,0x9f720000)
  from space 2624K, 99% used [0x9f720000,0x9f9aca40,0x9f9b0000)
  to   space 2624K, 0% used [0xa06b0000,0xa06b0000,0xa0940000)
 ParOldGen       total 42368K, used 9278K [0x75240000, 0x77ba0000, 0x9e7a0000)
  object space 42368K, 21% used [0x75240000,0x75b4f868,0x77ba0000)
 PSPermGen       total 16384K, used 8882K [0x6d240000, 0x6e240000, 0x75240000)
  object space 16384K, 54% used [0x6d240000,0x6daec808,0x6e240000)
GC Heap History (6 events):
Event: 1.034 GC heap before
{Heap before GC invocations=1 (full 0):
 PSYoungGen      total 18496K, used 15872K [0x9e7a0000, 0x9fc40000, 0xb3240000)
  eden space 15872K, 100% used [0x9e7a0000,0x9f720000,0x9f720000)
  from space 2624K, 0% used [0x9f9b0000,0x9f9b0000,0x9fc40000)
  to   space 2624K, 0% used [0x9f720000,0x9f720000,0x9f9b0000)
 ParOldGen       total 42368K, used 0K [0x75240000, 0x77ba0000, 0x9e7a0000)
  object space 42368K, 0% used [0x75240000,0x75240000,0x77ba0000)
 PSPermGen       total 16384K, used 4807K [0x6d240000, 0x6e240000, 0x75240000)
  object space 16384K, 29% used [0x6d240000,0x6d6f1c28,0x6e240000)
Event: 1.044 GC heap after
Heap after GC invocations=1 (full 0):
 PSYoungGen      total 18496K, used 2616K [0x9e7a0000, 0xa0bc0000, 0xb3240000)
  eden space 15872K, 0% used [0x9e7a0000,0x9e7a0000,0x9f720000)
  from space 2624K, 99% used [0x9f720000,0x9f9ae080,0x9f9b0000)
  to   space 2624K, 0% used [0xa0930000,0xa0930000,0xa0bc0000)
 ParOldGen       total 42368K, used 4296K [0x75240000, 0x77ba0000, 0x9e7a0000)
  object space 42368K, 10% used [0x75240000,0x756722d8,0x77ba0000)
 PSPermGen       total 16384K, used 4807K [0x6d240000, 0x6e240000, 0x75240000)
  object space 16384K, 29% used [0x6d240000,0x6d6f1c28,0x6e240000)
}
Event: 11.148 GC heap before
{Heap before GC invocations=2 (full 0):
 PSYoungGen      total 18496K, used 18488K [0x9e7a0000, 0xa0bc0000, 0xb3240000)
  eden space 15872K, 100% used [0x9e7a0000,0x9f720000,0x9f720000)
  from space 2624K, 99% used [0x9f720000,0x9f9ae080,0x9f9b0000)
  to   space 2624K, 0% used [0xa0930000,0xa0930000,0xa0bc0000)
 ParOldGen       total 42368K, used 4296K [0x75240000, 0x77ba0000, 0x9e7a0000)
  object space 42368K, 10% used [0x75240000,0x756722d8,0x77ba0000)
 PSPermGen       total 16384K, used 7649K [0x6d240000, 0x6e240000, 0x75240000)
  object space 16384K, 46% used [0x6d240000,0x6d9b85c0,0x6e240000)
Event: 11.159 GC heap after
Heap after GC invocations=2 (full 0):
 PSYoungGen      total 18496K, used 2616K [0x9e7a0000, 0xa0bc0000, 0xb3240000)
  eden space 15872K, 0% used [0x9e7a0000,0x9e7a0000,0x9f720000)
  from space 2624K, 99% used [0xa0930000,0xa0bbe0e0,0xa0bc0000)
  to   space 2624K, 0% used [0x9f720000,0x9f720000,0x9f9b0000)
 ParOldGen       total 42368K, used 7244K [0x75240000, 0x77ba0000, 0x9e7a0000)
  object space 42368K, 17% used [0x75240000,0x75953178,0x77ba0000)
 PSPermGen       total 16384K, used 7649K [0x6d240000, 0x6e240000, 0x75240000)
  object space 16384K, 46% used [0x6d240000,0x6d9b85c0,0x6e240000)
}
Event: 33.211 GC heap before
{Heap before GC invocations=3 (full 0):
 PSYoungGen      total 18496K, used 18488K [0x9e7a0000, 0xa0bc0000, 0xb3240000)
  eden space 15872K, 100% used [0x9e7a0000,0x9f720000,0x9f720000)
  from space 2624K, 99% used [0xa0930000,0xa0bbe0e0,0xa0bc0000)
  to   space 2624K, 0% used [0x9f720000,0x9f720000,0x9f9b0000)
 ParOldGen       total 42368K, used 7244K [0x75240000, 0x77ba0000, 0x9e7a0000)
  object space 42368K, 17% used [0x75240000,0x75953178,0x77ba0000)
 PSPermGen       total 16384K, used 8777K [0x6d240000, 0x6e240000, 0x75240000)
  object space 16384K, 53% used [0x6d240000,0x6dad2430,0x6e240000)
Event: 33.222 GC heap after
Heap after GC invocations=3 (full 0):
 PSYoungGen      total 18496K, used 2610K [0x9e7a0000, 0xa0940000, 0xb3240000)
  eden space 15872K, 0% used [0x9e7a0000,0x9e7a0000,0x9f720000)
  from space 2624K, 99% used [0x9f720000,0x9f9aca40,0x9f9b0000)
  to   space 2624K, 0% used [0xa06b0000,0xa06b0000,0xa0940000)
 ParOldGen       total 42368K, used 9278K [0x75240000, 0x77ba0000, 0x9e7a0000)
  object space 42368K, 21% used [0x75240000,0x75b4f868,0x77ba0000)
 PSPermGen       total 16384K, used 8777K [0x6d240000, 0x6e240000, 0x75240000)
  object space 16384K, 53% used [0x6d240000,0x6dad2430,0x6e240000)
}

